{"numFailedTestSuites":0,"numFailedTests":0,"numPassedTestSuites":8,"numPassedTests":84,"numPendingTestSuites":0,"numPendingTests":0,"numRuntimeErrorTestSuites":0,"numTodoTests":0,"numTotalTestSuites":8,"numTotalTests":84,"openHandles":[{}],"snapshot":{"added":0,"didUpdate":false,"failure":false,"filesAdded":0,"filesRemoved":0,"filesRemovedList":[],"filesUnmatched":0,"filesUpdated":0,"matched":0,"total":0,"unchecked":0,"uncheckedKeysByFile":[],"unmatched":0,"updated":0},"startTime":1779699110356,"success":true,"testResults":[{"assertionResults":[{"ancestorTitles":["🔐 Auth API","POST /auth/register"],"duration":2,"failureDetails":[],"failureMessages":[],"fullName":"🔐 Auth API POST /auth/register should have registered user successfully (token exists)","invocations":1,"location":null,"numPassingAsserts":2,"retryReasons":[],"status":"passed","title":"should have registered user successfully (token exists)"},{"ancestorTitles":["🔐 Auth API","POST /auth/register"],"duration":1,"failureDetails":[],"failureMessages":[],"fullName":"🔐 Auth API POST /auth/register should have registered admin successfully (token exists)","invocations":1,"location":null,"numPassingAsserts":2,"retryReasons":[],"status":"passed","title":"should have registered admin successfully (token exists)"},{"ancestorTitles":["🔐 Auth API","POST /auth/register"],"duration":71,"failureDetails":[],"failureMessages":[],"fullName":"🔐 Auth API POST /auth/register should fail when email is already registered","invocations":1,"location":null,"numPassingAsserts":3,"retryReasons":[],"status":"passed","title":"should fail when email is already registered"},{"ancestorTitles":["🔐 Auth API","POST /auth/register"],"duration":7,"failureDetails":[],"failureMessages":[],"fullName":"🔐 Auth API POST /auth/register should fail when required fields are missing","invocations":1,"location":null,"numPassingAsserts":2,"retryReasons":[],"status":"passed","title":"should fail when required fields are missing"},{"ancestorTitles":["🔐 Auth API","POST /auth/register"],"duration":75,"failureDetails":[],"failureMessages":[],"fullName":"🔐 Auth API POST /auth/register should fail when email format is invalid","invocations":1,"location":null,"numPassingAsserts":1,"retryReasons":[],"status":"passed","title":"should fail when email format is invalid"},{"ancestorTitles":["🔐 Auth API","POST /auth/login"],"duration":404,"failureDetails":[],"failureMessages":[],"fullName":"🔐 Auth API POST /auth/login should login with correct credentials and return token","invocations":1,"location":null,"numPassingAsserts":3,"retryReasons":[],"status":"passed","title":"should login with correct credentials and return token"},{"ancestorTitles":["🔐 Auth API","POST /auth/login"],"duration":403,"failureDetails":[],"failureMessages":[],"fullName":"🔐 Auth API POST /auth/login should fail with wrong password","invocations":1,"location":null,"numPassingAsserts":2,"retryReasons":[],"status":"passed","title":"should fail with wrong password"},{"ancestorTitles":["🔐 Auth API","POST /auth/login"],"duration":98,"failureDetails":[],"failureMessages":[],"fullName":"🔐 Auth API POST /auth/login should fail with non-existent email","invocations":1,"location":null,"numPassingAsserts":1,"retryReasons":[],"status":"passed","title":"should fail with non-existent email"},{"ancestorTitles":["🔐 Auth API","POST /auth/login"],"duration":6,"failureDetails":[],"failureMessages":[],"fullName":"🔐 Auth API POST /auth/login should fail when fields are missing","invocations":1,"location":null,"numPassingAsserts":1,"retryReasons":[],"status":"passed","title":"should fail when fields are missing"},{"ancestorTitles":["🔐 Auth API","GET /auth/me"],"duration":181,"failureDetails":[],"failureMessages":[],"fullName":"🔐 Auth API GET /auth/me should return the authenticated user profile","invocations":1,"location":null,"numPassingAsserts":4,"retryReasons":[],"status":"passed","title":"should return the authenticated user profile"},{"ancestorTitles":["🔐 Auth API","GET /auth/me"],"duration":14,"failureDetails":[],"failureMessages":[],"fullName":"🔐 Auth API GET /auth/me should fail without token","invocations":1,"location":null,"numPassingAsserts":1,"retryReasons":[],"status":"passed","title":"should fail without token"},{"ancestorTitles":["🔐 Auth API","GET /auth/me"],"duration":7,"failureDetails":[],"failureMessages":[],"fullName":"🔐 Auth API GET /auth/me should fail with invalid token","invocations":1,"location":null,"numPassingAsserts":1,"retryReasons":[],"status":"passed","title":"should fail with invalid token"},{"ancestorTitles":["🔐 Auth API","PUT /auth/profile"],"duration":168,"failureDetails":[],"failureMessages":[],"fullName":"🔐 Auth API PUT /auth/profile should update user name","invocations":1,"location":null,"numPassingAsserts":3,"retryReasons":[],"status":"passed","title":"should update user name"},{"ancestorTitles":["🔐 Auth API","PUT /auth/profile"],"duration":6,"failureDetails":[],"failureMessages":[],"fullName":"🔐 Auth API PUT /auth/profile should fail without authentication","invocations":1,"location":null,"numPassingAsserts":1,"retryReasons":[],"status":"passed","title":"should fail without authentication"}],"endTime":1779699114771,"message":"","name":"C:\\Users\\ajaik\\Desktop\\OTT-Platform-A2S-Cinemas\\server\\ott-tests\\src\\tests\\01-auth.test.ts","startTime":1779699110727,"status":"passed","summary":""},{"assertionResults":[{"ancestorTitles":["🎭 Categories API","GET /categories"],"duration":91,"failureDetails":[],"failureMessages":[],"fullName":"🎭 Categories API GET /categories should return all categories (public, no auth required)","invocations":1,"location":null,"numPassingAsserts":3,"retryReasons":[],"status":"passed","title":"should return all categories (public, no auth required)"},{"ancestorTitles":["🎭 Categories API","POST /categories"],"duration":259,"failureDetails":[],"failureMessages":[],"fullName":"🎭 Categories API POST /categories should create a category as admin","invocations":1,"location":null,"numPassingAsserts":1,"retryReasons":[],"status":"passed","title":"should create a category as admin"},{"ancestorTitles":["🎭 Categories API","POST /categories"],"duration":12,"failureDetails":[],"failureMessages":[],"fullName":"🎭 Categories API POST /categories should fail to create category without authentication","invocations":1,"location":null,"numPassingAsserts":2,"retryReasons":[],"status":"passed","title":"should fail to create category without authentication"},{"ancestorTitles":["🎭 Categories API","POST /categories"],"duration":72,"failureDetails":[],"failureMessages":[],"fullName":"🎭 Categories API POST /categories should fail to create category as regular user (403)","invocations":1,"location":null,"numPassingAsserts":2,"retryReasons":[],"status":"passed","title":"should fail to create category as regular user (403)"},{"ancestorTitles":["🎭 Categories API","POST /categories"],"duration":76,"failureDetails":[],"failureMessages":[],"fullName":"🎭 Categories API POST /categories should fail to create category with missing name","invocations":1,"location":null,"numPassingAsserts":1,"retryReasons":[],"status":"passed","title":"should fail to create category with missing name"},{"ancestorTitles":["🎭 Categories API","PUT /categories/:id"],"duration":172,"failureDetails":[],"failureMessages":[],"fullName":"🎭 Categories API PUT /categories/:id should update category as admin","invocations":1,"location":null,"numPassingAsserts":2,"retryReasons":[],"status":"passed","title":"should update category as admin"},{"ancestorTitles":["🎭 Categories API","PUT /categories/:id"],"duration":5,"failureDetails":[],"failureMessages":[],"fullName":"🎭 Categories API PUT /categories/:id should fail to update category without auth","invocations":1,"location":null,"numPassingAsserts":1,"retryReasons":[],"status":"passed","title":"should fail to update category without auth"}],"endTime":1779699116647,"message":"","name":"C:\\Users\\ajaik\\Desktop\\OTT-Platform-A2S-Cinemas\\server\\ott-tests\\src\\tests\\02-categories.test.ts","startTime":1779699114790,"status":"passed","summary":""},{"assertionResults":[{"ancestorTitles":["🎬 Movies API","GET /movies"],"duration":192,"failureDetails":[],"failureMessages":[],"fullName":"🎬 Movies API GET /movies should return paginated movies list (public)","invocations":1,"location":null,"numPassingAsserts":4,"retryReasons":[],"status":"passed","title":"should return paginated movies list (public)"},{"ancestorTitles":["🎬 Movies API","GET /movies"],"duration":151,"failureDetails":[],"failureMessages":[],"fullName":"🎬 Movies API GET /movies should support pagination query params","invocations":1,"location":null,"numPassingAsserts":2,"retryReasons":[],"status":"passed","title":"should support pagination query params"},{"ancestorTitles":["🎬 Movies API","GET /movies"],"duration":142,"failureDetails":[],"failureMessages":[],"fullName":"🎬 Movies API GET /movies should filter movies by genre","invocations":1,"location":null,"numPassingAsserts":1,"retryReasons":[],"status":"passed","title":"should filter movies by genre"},{"ancestorTitles":["🎬 Movies API","GET /movies"],"duration":145,"failureDetails":[],"failureMessages":[],"fullName":"🎬 Movies API GET /movies should filter featured movies","invocations":1,"location":null,"numPassingAsserts":1,"retryReasons":[],"status":"passed","title":"should filter featured movies"},{"ancestorTitles":["🎬 Movies API","GET /movies"],"duration":165,"failureDetails":[],"failureMessages":[],"fullName":"🎬 Movies API GET /movies should NOT expose videoKey in list response (security)","invocations":1,"location":null,"numPassingAsserts":1,"retryReasons":[],"status":"passed","title":"should NOT expose videoKey in list response (security)"},{"ancestorTitles":["🎬 Movies API","POST /movies (Admin)"],"duration":165,"failureDetails":[],"failureMessages":[],"fullName":"🎬 Movies API POST /movies (Admin) should create a movie as admin","invocations":1,"location":null,"numPassingAsserts":3,"retryReasons":[],"status":"passed","title":"should create a movie as admin"},{"ancestorTitles":["🎬 Movies API","POST /movies (Admin)"],"duration":7,"failureDetails":[],"failureMessages":[],"fullName":"🎬 Movies API POST /movies (Admin) should fail to create movie without auth","invocations":1,"location":null,"numPassingAsserts":1,"retryReasons":[],"status":"passed","title":"should fail to create movie without auth"},{"ancestorTitles":["🎬 Movies API","POST /movies (Admin)"],"duration":78,"failureDetails":[],"failureMessages":[],"fullName":"🎬 Movies API POST /movies (Admin) should fail to create movie as regular user (403)","invocations":1,"location":null,"numPassingAsserts":1,"retryReasons":[],"status":"passed","title":"should fail to create movie as regular user (403)"},{"ancestorTitles":["🎬 Movies API","POST /movies (Admin)"],"duration":85,"failureDetails":[],"failureMessages":[],"fullName":"🎬 Movies API POST /movies (Admin) should fail to create movie without poster","invocations":1,"location":null,"numPassingAsserts":1,"retryReasons":[],"status":"passed","title":"should fail to create movie without poster"},{"ancestorTitles":["🎬 Movies API","POST /movies (Admin)"],"duration":90,"failureDetails":[],"failureMessages":[],"fullName":"🎬 Movies API POST /movies (Admin) should fail to create movie without videoKey","invocations":1,"location":null,"numPassingAsserts":1,"retryReasons":[],"status":"passed","title":"should fail to create movie without videoKey"},{"ancestorTitles":["🎬 Movies API","POST /movies (Admin)"],"duration":70,"failureDetails":[],"failureMessages":[],"fullName":"🎬 Movies API POST /movies (Admin) should fail to create movie with invalid genre","invocations":1,"location":null,"numPassingAsserts":1,"retryReasons":[],"status":"passed","title":"should fail to create movie with invalid genre"},{"ancestorTitles":["🎬 Movies API","GET /movies/:id"],"duration":82,"failureDetails":[],"failureMessages":[],"fullName":"🎬 Movies API GET /movies/:id should return movie details (public)","invocations":1,"location":null,"numPassingAsserts":2,"retryReasons":[],"status":"passed","title":"should return movie details (public)"},{"ancestorTitles":["🎬 Movies API","GET /movies/:id"],"duration":73,"failureDetails":[],"failureMessages":[],"fullName":"🎬 Movies API GET /movies/:id should NOT expose videoKey in single movie response (security)","invocations":1,"location":null,"numPassingAsserts":1,"retryReasons":[],"status":"passed","title":"should NOT expose videoKey in single movie response (security)"},{"ancestorTitles":["🎬 Movies API","GET /movies/:id"],"duration":104,"failureDetails":[],"failureMessages":[],"fullName":"🎬 Movies API GET /movies/:id should return 404 for non-existent movie ID","invocations":1,"location":null,"numPassingAsserts":1,"retryReasons":[],"status":"passed","title":"should return 404 for non-existent movie ID"},{"ancestorTitles":["🎬 Movies API","GET /movies/:id"],"duration":7,"failureDetails":[],"failureMessages":[],"fullName":"🎬 Movies API GET /movies/:id should return 400/500 for malformed movie ID","invocations":1,"location":null,"numPassingAsserts":1,"retryReasons":[],"status":"passed","title":"should return 400/500 for malformed movie ID"},{"ancestorTitles":["🎬 Movies API","PUT /movies/:id (Admin)"],"duration":156,"failureDetails":[],"failureMessages":[],"fullName":"🎬 Movies API PUT /movies/:id (Admin) should update movie details as admin","invocations":1,"location":null,"numPassingAsserts":2,"retryReasons":[],"status":"passed","title":"should update movie details as admin"},{"ancestorTitles":["🎬 Movies API","PUT /movies/:id (Admin)"],"duration":8,"failureDetails":[],"failureMessages":[],"fullName":"🎬 Movies API PUT /movies/:id (Admin) should fail to update without auth","invocations":1,"location":null,"numPassingAsserts":1,"retryReasons":[],"status":"passed","title":"should fail to update without auth"},{"ancestorTitles":["🎬 Movies API","PATCH /movies/:id/toggle (Admin)"],"duration":224,"failureDetails":[],"failureMessages":[],"fullName":"🎬 Movies API PATCH /movies/:id/toggle (Admin) should toggle movie active status","invocations":1,"location":null,"numPassingAsserts":1,"retryReasons":[],"status":"passed","title":"should toggle movie active status"},{"ancestorTitles":["🎬 Movies API","PATCH /movies/:id/toggle (Admin)"],"duration":69,"failureDetails":[],"failureMessages":[],"fullName":"🎬 Movies API PATCH /movies/:id/toggle (Admin) should fail to toggle without admin auth","invocations":1,"location":null,"numPassingAsserts":1,"retryReasons":[],"status":"passed","title":"should fail to toggle without admin auth"}],"endTime":1779699119913,"message":"","name":"C:\\Users\\ajaik\\Desktop\\OTT-Platform-A2S-Cinemas\\server\\ott-tests\\src\\tests\\03-movies.test.ts","startTime":1779699116655,"status":"passed","summary":""},{"assertionResults":[{"ancestorTitles":["💳 Payment API (Razorpay)","POST /payment/create-order"],"duration":1,"failureDetails":[],"failureMessages":[],"fullName":"💳 Payment API (Razorpay) POST /payment/create-order should create Razorpay order for a valid movie","invocations":1,"location":null,"numPassingAsserts":0,"retryReasons":[],"status":"passed","title":"should create Razorpay order for a valid movie"},{"ancestorTitles":["💳 Payment API (Razorpay)","POST /payment/create-order"],"duration":14,"failureDetails":[],"failureMessages":[],"fullName":"💳 Payment API (Razorpay) POST /payment/create-order should fail without authentication","invocations":1,"location":null,"numPassingAsserts":1,"retryReasons":[],"status":"passed","title":"should fail without authentication"},{"ancestorTitles":["💳 Payment API (Razorpay)","POST /payment/create-order"],"duration":77,"failureDetails":[],"failureMessages":[],"fullName":"💳 Payment API (Razorpay) POST /payment/create-order should fail when movieId is missing","invocations":1,"location":null,"numPassingAsserts":1,"retryReasons":[],"status":"passed","title":"should fail when movieId is missing"},{"ancestorTitles":["💳 Payment API (Razorpay)","POST /payment/create-order"],"duration":140,"failureDetails":[],"failureMessages":[],"fullName":"💳 Payment API (Razorpay) POST /payment/create-order should fail for a non-existent movieId","invocations":1,"location":null,"numPassingAsserts":1,"retryReasons":[],"status":"passed","title":"should fail for a non-existent movieId"},{"ancestorTitles":["💳 Payment API (Razorpay)","POST /payment/verify"],"duration":80,"failureDetails":[],"failureMessages":[],"fullName":"💳 Payment API (Razorpay) POST /payment/verify should fail with invalid HMAC signature (security test)","invocations":1,"location":null,"numPassingAsserts":2,"retryReasons":[],"status":"passed","title":"should fail with invalid HMAC signature (security test)"},{"ancestorTitles":["💳 Payment API (Razorpay)","POST /payment/verify"],"duration":87,"failureDetails":[],"failureMessages":[],"fullName":"💳 Payment API (Razorpay) POST /payment/verify should fail with missing razorpay_payment_id","invocations":1,"location":null,"numPassingAsserts":1,"retryReasons":[],"status":"passed","title":"should fail with missing razorpay_payment_id"},{"ancestorTitles":["💳 Payment API (Razorpay)","POST /payment/verify"],"duration":8,"failureDetails":[],"failureMessages":[],"fullName":"💳 Payment API (Razorpay) POST /payment/verify should fail without authentication","invocations":1,"location":null,"numPassingAsserts":1,"retryReasons":[],"status":"passed","title":"should fail without authentication"},{"ancestorTitles":["💳 Payment API (Razorpay)","POST /payment/verify"],"duration":94,"failureDetails":[],"failureMessages":[],"fullName":"💳 Payment API (Razorpay) POST /payment/verify should fail for unknown order ID even with valid signature format","invocations":1,"location":null,"numPassingAsserts":1,"retryReasons":[],"status":"passed","title":"should fail for unknown order ID even with valid signature format"}],"endTime":1779699121766,"message":"","name":"C:\\Users\\ajaik\\Desktop\\OTT-Platform-A2S-Cinemas\\server\\ott-tests\\src\\tests\\04-payment.test.ts","startTime":1779699119921,"status":"passed","summary":""},{"assertionResults":[{"ancestorTitles":["🔑 License API","GET /license/check/:movieId"],"duration":139,"failureDetails":[],"failureMessages":[],"fullName":"🔑 License API GET /license/check/:movieId should return hasAccess:false when no license exists","invocations":1,"location":null,"numPassingAsserts":2,"retryReasons":[],"status":"passed","title":"should return hasAccess:false when no license exists"},{"ancestorTitles":["🔑 License API","GET /license/check/:movieId"],"duration":12,"failureDetails":[],"failureMessages":[],"fullName":"🔑 License API GET /license/check/:movieId should fail to check license without auth","invocations":1,"location":null,"numPassingAsserts":1,"retryReasons":[],"status":"passed","title":"should fail to check license without auth"},{"ancestorTitles":["🔑 License API","GET /license/my"],"duration":166,"failureDetails":[],"failureMessages":[],"fullName":"🔑 License API GET /license/my should return user license list","invocations":1,"location":null,"numPassingAsserts":2,"retryReasons":[],"status":"passed","title":"should return user license list"},{"ancestorTitles":["🔑 License API","GET /license/my"],"duration":7,"failureDetails":[],"failureMessages":[],"fullName":"🔑 License API GET /license/my should fail without auth","invocations":1,"location":null,"numPassingAsserts":1,"retryReasons":[],"status":"passed","title":"should fail without auth"},{"ancestorTitles":["🔑 License API","GET /license/all (Admin)"],"duration":263,"failureDetails":[],"failureMessages":[],"fullName":"🔑 License API GET /license/all (Admin) should return paginated licenses as admin","invocations":1,"location":null,"numPassingAsserts":2,"retryReasons":[],"status":"passed","title":"should return paginated licenses as admin"},{"ancestorTitles":["🔑 License API","GET /license/all (Admin)"],"duration":96,"failureDetails":[],"failureMessages":[],"fullName":"🔑 License API GET /license/all (Admin) should deny regular user (403)","invocations":1,"location":null,"numPassingAsserts":1,"retryReasons":[],"status":"passed","title":"should deny regular user (403)"},{"ancestorTitles":["🔑 License API","GET /license/all (Admin)"],"duration":7,"failureDetails":[],"failureMessages":[],"fullName":"🔑 License API GET /license/all (Admin) should fail without auth","invocations":1,"location":null,"numPassingAsserts":1,"retryReasons":[],"status":"passed","title":"should fail without auth"},{"ancestorTitles":["🔑 License API","PATCH /license/:id/extend (Admin)"],"duration":87,"failureDetails":[],"failureMessages":[],"fullName":"🔑 License API PATCH /license/:id/extend (Admin) should fail with invalid days value","invocations":1,"location":null,"numPassingAsserts":1,"retryReasons":[],"status":"passed","title":"should fail with invalid days value"},{"ancestorTitles":["🔑 License API","PATCH /license/:id/extend (Admin)"],"duration":96,"failureDetails":[],"failureMessages":[],"fullName":"🔑 License API PATCH /license/:id/extend (Admin) should fail without admin auth","invocations":1,"location":null,"numPassingAsserts":1,"retryReasons":[],"status":"passed","title":"should fail without admin auth"},{"ancestorTitles":["🔑 License API","PATCH /license/:id/extend (Admin)"],"duration":182,"failureDetails":[],"failureMessages":[],"fullName":"🔑 License API PATCH /license/:id/extend (Admin) should fail for non-existent license","invocations":1,"location":null,"numPassingAsserts":1,"retryReasons":[],"status":"passed","title":"should fail for non-existent license"},{"ancestorTitles":["🔑 License API","PATCH /license/:id/revoke (Admin)"],"duration":89,"failureDetails":[],"failureMessages":[],"fullName":"🔑 License API PATCH /license/:id/revoke (Admin) should fail as regular user (403)","invocations":1,"location":null,"numPassingAsserts":1,"retryReasons":[],"status":"passed","title":"should fail as regular user (403)"},{"ancestorTitles":["🔑 License API","PATCH /license/:id/revoke (Admin)"],"duration":5,"failureDetails":[],"failureMessages":[],"fullName":"🔑 License API PATCH /license/:id/revoke (Admin) should fail without auth","invocations":1,"location":null,"numPassingAsserts":1,"retryReasons":[],"status":"passed","title":"should fail without auth"},{"ancestorTitles":["🔑 License API","PATCH /license/:id/revoke (Admin)"],"duration":166,"failureDetails":[],"failureMessages":[],"fullName":"🔑 License API PATCH /license/:id/revoke (Admin) should fail for non-existent license","invocations":1,"location":null,"numPassingAsserts":1,"retryReasons":[],"status":"passed","title":"should fail for non-existent license"}],"endTime":1779699124365,"message":"","name":"C:\\Users\\ajaik\\Desktop\\OTT-Platform-A2S-Cinemas\\server\\ott-tests\\src\\tests\\05-license.test.ts","startTime":1779699121787,"status":"passed","summary":""},{"assertionResults":[{"ancestorTitles":["🧾 Purchases API","GET /purchases/my"],"duration":156,"failureDetails":[],"failureMessages":[],"fullName":"🧾 Purchases API GET /purchases/my should return user purchase history","invocations":1,"location":null,"numPassingAsserts":2,"retryReasons":[],"status":"passed","title":"should return user purchase history"},{"ancestorTitles":["🧾 Purchases API","GET /purchases/my"],"duration":6,"failureDetails":[],"failureMessages":[],"fullName":"🧾 Purchases API GET /purchases/my should fail without authentication","invocations":1,"location":null,"numPassingAsserts":1,"retryReasons":[],"status":"passed","title":"should fail without authentication"},{"ancestorTitles":["🧾 Purchases API","GET /purchases/:id"],"duration":164,"failureDetails":[],"failureMessages":[],"fullName":"🧾 Purchases API GET /purchases/:id should return 404 for non-existent purchase","invocations":1,"location":null,"numPassingAsserts":1,"retryReasons":[],"status":"passed","title":"should return 404 for non-existent purchase"},{"ancestorTitles":["🧾 Purchases API","GET /purchases/:id"],"duration":7,"failureDetails":[],"failureMessages":[],"fullName":"🧾 Purchases API GET /purchases/:id should fail without auth","invocations":1,"location":null,"numPassingAsserts":1,"retryReasons":[],"status":"passed","title":"should fail without auth"},{"ancestorTitles":["🧾 Purchases API","GET /purchases/admin/all (Admin)"],"duration":218,"failureDetails":[],"failureMessages":[],"fullName":"🧾 Purchases API GET /purchases/admin/all (Admin) should return all purchases as admin","invocations":1,"location":null,"numPassingAsserts":2,"retryReasons":[],"status":"passed","title":"should return all purchases as admin"},{"ancestorTitles":["🧾 Purchases API","GET /purchases/admin/all (Admin)"],"duration":243,"failureDetails":[],"failureMessages":[],"fullName":"🧾 Purchases API GET /purchases/admin/all (Admin) should filter by status=active","invocations":1,"location":null,"numPassingAsserts":1,"retryReasons":[],"status":"passed","title":"should filter by status=active"},{"ancestorTitles":["🧾 Purchases API","GET /purchases/admin/all (Admin)"],"duration":93,"failureDetails":[],"failureMessages":[],"fullName":"🧾 Purchases API GET /purchases/admin/all (Admin) should deny regular user (403)","invocations":1,"location":null,"numPassingAsserts":1,"retryReasons":[],"status":"passed","title":"should deny regular user (403)"},{"ancestorTitles":["🧾 Purchases API","GET /purchases/admin/all (Admin)"],"duration":5,"failureDetails":[],"failureMessages":[],"fullName":"🧾 Purchases API GET /purchases/admin/all (Admin) should fail without authentication","invocations":1,"location":null,"numPassingAsserts":1,"retryReasons":[],"status":"passed","title":"should fail without authentication"}],"endTime":1779699126473,"message":"","name":"C:\\Users\\ajaik\\Desktop\\OTT-Platform-A2S-Cinemas\\server\\ott-tests\\src\\tests\\06-purchases.test.ts","startTime":1779699124383,"status":"passed","summary":""},{"assertionResults":[{"ancestorTitles":["🎥 Stream API","GET /stream/:movieId"],"duration":1,"failureDetails":[],"failureMessages":[],"fullName":"🎥 Stream API GET /stream/:movieId should return 403 with LICENSE_REQUIRED when no license exists","invocations":1,"location":null,"numPassingAsserts":0,"retryReasons":[],"status":"passed","title":"should return 403 with LICENSE_REQUIRED when no license exists"},{"ancestorTitles":["🎥 Stream API","GET /stream/:movieId"],"duration":7,"failureDetails":[],"failureMessages":[],"fullName":"🎥 Stream API GET /stream/:movieId should return 401 without authentication token","invocations":1,"location":null,"numPassingAsserts":1,"retryReasons":[],"status":"passed","title":"should return 401 without authentication token"},{"ancestorTitles":["🎥 Stream API","GET /stream/:movieId"],"duration":4,"failureDetails":[],"failureMessages":[],"fullName":"🎥 Stream API GET /stream/:movieId should return 401 with invalid token","invocations":1,"location":null,"numPassingAsserts":1,"retryReasons":[],"status":"passed","title":"should return 401 with invalid token"},{"ancestorTitles":["🎥 Stream API","GET /stream/:movieId"],"duration":152,"failureDetails":[],"failureMessages":[],"fullName":"🎥 Stream API GET /stream/:movieId should return 403 (no license) for non-existent movie with valid token","invocations":1,"location":null,"numPassingAsserts":1,"retryReasons":[],"status":"passed","title":"should return 403 (no license) for non-existent movie with valid token"}],"endTime":1779699127731,"message":"","name":"C:\\Users\\ajaik\\Desktop\\OTT-Platform-A2S-Cinemas\\server\\ott-tests\\src\\tests\\07-stream.test.ts","startTime":1779699126480,"status":"passed","summary":""},{"assertionResults":[{"ancestorTitles":["👑 Admin API","GET /admin/stats"],"duration":607,"failureDetails":[],"failureMessages":[],"fullName":"👑 Admin API GET /admin/stats should return dashboard stats as admin","invocations":1,"location":null,"numPassingAsserts":4,"retryReasons":[],"status":"passed","title":"should return dashboard stats as admin"},{"ancestorTitles":["👑 Admin API","GET /admin/stats"],"duration":99,"failureDetails":[],"failureMessages":[],"fullName":"👑 Admin API GET /admin/stats should deny regular user (403)","invocations":1,"location":null,"numPassingAsserts":1,"retryReasons":[],"status":"passed","title":"should deny regular user (403)"},{"ancestorTitles":["👑 Admin API","GET /admin/stats"],"duration":14,"failureDetails":[],"failureMessages":[],"fullName":"👑 Admin API GET /admin/stats should fail without authentication (401)","invocations":1,"location":null,"numPassingAsserts":1,"retryReasons":[],"status":"passed","title":"should fail without authentication (401)"},{"ancestorTitles":["👑 Admin API","GET /admin/users"],"duration":163,"failureDetails":[],"failureMessages":[],"fullName":"👑 Admin API GET /admin/users should return user list as admin","invocations":1,"location":null,"numPassingAsserts":6,"retryReasons":[],"status":"passed","title":"should return user list as admin"},{"ancestorTitles":["👑 Admin API","GET /admin/users"],"duration":12,"failureDetails":[],"failureMessages":[],"fullName":"👑 Admin API GET /admin/users should fail without auth","invocations":1,"location":null,"numPassingAsserts":1,"retryReasons":[],"status":"passed","title":"should fail without auth"},{"ancestorTitles":["👑 Admin API","PATCH /admin/users/:id/block"],"duration":82,"failureDetails":[],"failureMessages":[],"fullName":"👑 Admin API PATCH /admin/users/:id/block should fail without admin auth","invocations":1,"location":null,"numPassingAsserts":1,"retryReasons":[],"status":"passed","title":"should fail without admin auth"},{"ancestorTitles":["👑 Admin API","PATCH /admin/users/:id/block"],"duration":176,"failureDetails":[],"failureMessages":[],"fullName":"👑 Admin API PATCH /admin/users/:id/block should fail for non-existent user","invocations":1,"location":null,"numPassingAsserts":1,"retryReasons":[],"status":"passed","title":"should fail for non-existent user"},{"ancestorTitles":["👑 Admin API","PATCH /admin/users/:id/block"],"duration":163,"failureDetails":[],"failureMessages":[],"fullName":"👑 Admin API PATCH /admin/users/:id/block should block user as admin","invocations":1,"location":null,"numPassingAsserts":2,"retryReasons":[],"status":"passed","title":"should block user as admin"},{"ancestorTitles":["👑 Admin API","PATCH /admin/users/:id/unblock"],"duration":94,"failureDetails":[],"failureMessages":[],"fullName":"👑 Admin API PATCH /admin/users/:id/unblock should fail without admin auth","invocations":1,"location":null,"numPassingAsserts":1,"retryReasons":[],"status":"passed","title":"should fail without admin auth"},{"ancestorTitles":["👑 Admin API","PATCH /admin/users/:id/unblock"],"duration":149,"failureDetails":[],"failureMessages":[],"fullName":"👑 Admin API PATCH /admin/users/:id/unblock should unblock user as admin","invocations":1,"location":null,"numPassingAsserts":2,"retryReasons":[],"status":"passed","title":"should unblock user as admin"},{"ancestorTitles":["👑 Admin API","Health Check"],"duration":6,"failureDetails":[],"failureMessages":[],"fullName":"👑 Admin API Health Check should return healthy status from /health endpoint","invocations":1,"location":null,"numPassingAsserts":2,"retryReasons":[],"status":"passed","title":"should return healthy status from /health endpoint"}],"endTime":1779699131775,"message":"","name":"C:\\Users\\ajaik\\Desktop\\OTT-Platform-A2S-Cinemas\\server\\ott-tests\\src\\tests\\08-admin.test.ts","startTime":1779699127736,"status":"passed","summary":""}],"wasInterrupted":false}
