{"C:\\Users\\ajaik\\Desktop\\OTT-Platform-A2S-Cinemas\\server\\ott-tests\\src\\helpers\\globalSetup.ts": {"path":"C:\\Users\\ajaik\\Desktop\\OTT-Platform-A2S-Cinemas\\server\\ott-tests\\src\\helpers\\globalSetup.ts","statementMap":{"0":{"start":{"line":6,"column":0},"end":{"line":6,"column":7}},"1":{"start":{"line":1,"column":0},"end":{"line":1,"column":26}},"2":{"start":{"line":2,"column":0},"end":{"line":2,"column":80}},"3":{"start":{"line":4,"column":12},"end":{"line":4,"column":75}},"4":{"start":{"line":4,"column":68},"end":{"line":4,"column":72}},"5":{"start":{"line":8,"column":12},"end":{"line":8,"column":55}},"6":{"start":{"line":9,"column":2},"end":{"line":21,"column":3}},"7":{"start":{"line":10,"column":4},"end":{"line":10,"column":37}},"8":{"start":{"line":11,"column":4},"end":{"line":11,"column":37}},"9":{"start":{"line":13,"column":21},"end":{"line":16,"column":6}},"10":{"start":{"line":17,"column":4},"end":{"line":20,"column":5}},"11":{"start":{"line":18,"column":6},"end":{"line":18,"column":44}},"12":{"start":{"line":19,"column":6},"end":{"line":19,"column":44}},"13":{"start":{"line":24,"column":17},"end":{"line":24,"column":61}},"14":{"start":{"line":25,"column":2},"end":{"line":37,"column":3}},"15":{"start":{"line":26,"column":4},"end":{"line":26,"column":43}},"16":{"start":{"line":27,"column":4},"end":{"line":27,"column":43}},"17":{"start":{"line":29,"column":26},"end":{"line":32,"column":6}},"18":{"start":{"line":33,"column":4},"end":{"line":36,"column":5}},"19":{"start":{"line":34,"column":6},"end":{"line":34,"column":50}},"20":{"start":{"line":35,"column":6},"end":{"line":35,"column":50}},"21":{"start":{"line":40,"column":2},"end":{"line":40,"column":14}},"22":{"start":{"line":42,"column":2},"end":{"line":42,"column":67}},"23":{"start":{"line":43,"column":2},"end":{"line":43,"column":69}}},"fnMap":{"0":{"name":"(anonymous_1)","decl":{"start":{"line":4,"column":62},"end":{"line":4,"column":65}},"loc":{"start":{"line":4,"column":68},"end":{"line":4,"column":72}}},"1":{"name":"setupTokens","decl":{"start":{"line":6,"column":22},"end":{"line":6,"column":33}},"loc":{"start":{"line":6,"column":33},"end":{"line":44,"column":1}}}},"branchMap":{"0":{"loc":{"start":{"line":9,"column":2},"end":{"line":21,"column":3}},"type":"if","locations":[{"start":{"line":9,"column":2},"end":{"line":21,"column":3}},{"start":{"line":12,"column":9},"end":{"line":21,"column":3}}]},"1":{"loc":{"start":{"line":17,"column":4},"end":{"line":20,"column":5}},"type":"if","locations":[{"start":{"line":17,"column":4},"end":{"line":20,"column":5}}]},"2":{"loc":{"start":{"line":25,"column":2},"end":{"line":37,"column":3}},"type":"if","locations":[{"start":{"line":25,"column":2},"end":{"line":37,"column":3}},{"start":{"line":28,"column":9},"end":{"line":37,"column":3}}]},"3":{"loc":{"start":{"line":33,"column":4},"end":{"line":36,"column":5}},"type":"if","locations":[{"start":{"line":33,"column":4},"end":{"line":36,"column":5}}]},"4":{"loc":{"start":{"line":42,"column":30},"end":{"line":42,"column":63}},"type":"cond-expr","locations":[{"start":{"line":42,"column":48},"end":{"line":42,"column":52}},{"start":{"line":42,"column":55},"end":{"line":42,"column":63}}]},"5":{"loc":{"start":{"line":43,"column":31},"end":{"line":43,"column":65}},"type":"cond-expr","locations":[{"start":{"line":43,"column":50},"end":{"line":43,"column":54}},{"start":{"line":43,"column":57},"end":{"line":43,"column":65}}]}},"s":{"0":8,"1":8,"2":8,"3":8,"4":32,"5":8,"6":8,"7":0,"8":0,"9":8,"10":8,"11":8,"12":8,"13":8,"14":8,"15":0,"16":0,"17":8,"18":8,"19":8,"20":8,"21":8,"22":8,"23":8},"f":{"0":32,"1":8},"b":{"0":[0,8],"1":[8],"2":[0,8],"3":[8],"4":[8,0],"5":[8,0]}}
,"C:\\Users\\ajaik\\Desktop\\OTT-Platform-A2S-Cinemas\\server\\ott-tests\\src\\helpers\\testState.ts": {"path":"C:\\Users\\ajaik\\Desktop\\OTT-Platform-A2S-Cinemas\\server\\ott-tests\\src\\helpers\\testState.ts","statementMap":{"0":{"start":{"line":29,"column":0},"end":{"line":29,"column":16}},"1":{"start":{"line":1,"column":0},"end":{"line":1,"column":25}},"2":{"start":{"line":2,"column":0},"end":{"line":2,"column":29}},"3":{"start":{"line":4,"column":19},"end":{"line":4,"column":65}},"4":{"start":{"line":6,"column":21},"end":{"line":16,"column":2}},"5":{"start":{"line":20,"column":2},"end":{"line":24,"column":12}},"6":{"start":{"line":21,"column":4},"end":{"line":23,"column":5}},"7":{"start":{"line":22,"column":6},"end":{"line":22,"column":61}},"8":{"start":{"line":25,"column":2},"end":{"line":25,"column":29}},"9":{"start":{"line":30,"column":2},"end":{"line":30,"column":63}},"10":{"start":{"line":33,"column":13},"end":{"line":33,"column":33}},"11":{"start":{"line":35,"column":13},"end":{"line":35,"column":76}},"12":{"start":{"line":37,"column":13},"end":{"line":41,"column":2}},"13":{"start":{"line":43,"column":13},"end":{"line":47,"column":2}},"14":{"start":{"line":49,"column":13},"end":{"line":59,"column":2}},"15":{"start":{"line":61,"column":13},"end":{"line":64,"column":2}}},"fnMap":{"0":{"name":"loadState","decl":{"start":{"line":19,"column":9},"end":{"line":19,"column":18}},"loc":{"start":{"line":19,"column":18},"end":{"line":26,"column":1}}},"1":{"name":"saveState","decl":{"start":{"line":29,"column":16},"end":{"line":29,"column":25}},"loc":{"start":{"line":29,"column":25},"end":{"line":31,"column":1}}}},"branchMap":{"0":{"loc":{"start":{"line":21,"column":4},"end":{"line":23,"column":5}},"type":"if","locations":[{"start":{"line":21,"column":4},"end":{"line":23,"column":5}}]},"1":{"loc":{"start":{"line":35,"column":24},"end":{"line":35,"column":75}},"type":"binary-expr","locations":[{"start":{"line":35,"column":24},"end":{"line":35,"column":44}},{"start":{"line":35,"column":48},"end":{"line":35,"column":75}}]}},"s":{"0":8,"1":8,"2":8,"3":8,"4":8,"5":8,"6":8,"7":8,"8":0,"9":8,"10":8,"11":8,"12":8,"13":8,"14":8,"15":8},"f":{"0":8,"1":8},"b":{"0":[8],"1":[8,8]}}
}
